{"D:\\projects\\trainings\\SPA_Movies\\client\\components\\atoms\\button\\index.js": {"path":"D:\\projects\\trainings\\SPA_Movies\\client\\components\\atoms\\button\\index.js","statementMap":{"0":{"start":{"line":5,"column":18},"end":{"line":5,"column":34}},"1":{"start":{"line":8,"column":26},"end":{"line":10,"column":5}},"2":{"start":{"line":13,"column":40},"end":{"line":13,"column":50}},"3":{"start":{"line":15,"column":8},"end":{"line":20,"column":17}}},"fnMap":{"0":{"name":"(anonymous_0)","decl":{"start":{"line":12,"column":4},"end":{"line":12,"column":5}},"loc":{"start":{"line":12,"column":13},"end":{"line":21,"column":5}},"line":12}},"branchMap":{},"s":{"0":5,"1":5,"2":1,"3":1},"f":{"0":1},"b":{},"_coverageSchema":"43e27e138ebf9cfc5966b082cf9a028302ed4184","hash":"ab5ec9f5dea6e5cb8ee5a2b841c6dde060a56eb4"}
,"D:\\projects\\trainings\\SPA_Movies\\client\\components\\atoms\\content-footer\\index.js": {"path":"D:\\projects\\trainings\\SPA_Movies\\client\\components\\atoms\\content-footer\\index.js","statementMap":{"0":{"start":{"line":7,"column":18},"end":{"line":7,"column":34}},"1":{"start":{"line":12,"column":8},"end":{"line":16,"column":10}}},"fnMap":{"0":{"name":"(anonymous_0)","decl":{"start":{"line":11,"column":4},"end":{"line":11,"column":5}},"loc":{"start":{"line":11,"column":13},"end":{"line":17,"column":5}},"line":11}},"branchMap":{},"s":{"0":4,"1":1},"f":{"0":1},"b":{},"_coverageSchema":"43e27e138ebf9cfc5966b082cf9a028302ed4184","hash":"7a511f660e4e1aa72df912b7b112d17a13c76e74"}
,"D:\\projects\\trainings\\SPA_Movies\\client\\components\\atoms\\error-boundary\\index.js": {"path":"D:\\projects\\trainings\\SPA_Movies\\client\\components\\atoms\\error-boundary\\index.js","statementMap":{"0":{"start":{"line":5,"column":18},"end":{"line":5,"column":34}},"1":{"start":{"line":9,"column":12},"end":{"line":12,"column":5}},"2":{"start":{"line":15,"column":8},"end":{"line":18,"column":10}},"3":{"start":{"line":22,"column":29},"end":{"line":22,"column":39}},"4":{"start":{"line":23,"column":37},"end":{"line":23,"column":47}},"5":{"start":{"line":25,"column":8},"end":{"line":39,"column":10}}},"fnMap":{"0":{"name":"(anonymous_0)","decl":{"start":{"line":14,"column":4},"end":{"line":14,"column":5}},"loc":{"start":{"line":14,"column":40},"end":{"line":19,"column":5}},"line":14},"1":{"name":"(anonymous_1)","decl":{"start":{"line":21,"column":4},"end":{"line":21,"column":5}},"loc":{"start":{"line":21,"column":13},"end":{"line":40,"column":5}},"line":21}},"branchMap":{"0":{"loc":{"start":{"line":26,"column":12},"end":{"line":38,"column":24}},"type":"cond-expr","locations":[{"start":{"line":27,"column":16},"end":{"line":37,"column":22}},{"start":{"line":38,"column":16},"end":{"line":38,"column":24}}],"line":26},"1":{"loc":{"start":{"line":33,"column":25},"end":{"line":33,"column":50}},"type":"binary-expr","locations":[{"start":{"line":33,"column":25},"end":{"line":33,"column":30}},{"start":{"line":33,"column":34},"end":{"line":33,"column":50}}],"line":33}},"s":{"0":3,"1":1,"2":0,"3":1,"4":1,"5":1},"f":{"0":0,"1":1},"b":{"0":[0,1],"1":[0,0]},"_coverageSchema":"43e27e138ebf9cfc5966b082cf9a028302ed4184","hash":"57eeb368fde2e7d4a151d183280c50aa95668c7f"}
,"D:\\projects\\trainings\\SPA_Movies\\client\\components\\atoms\\input\\index.js": {"path":"D:\\projects\\trainings\\SPA_Movies\\client\\components\\atoms\\input\\index.js","statementMap":{"0":{"start":{"line":6,"column":18},"end":{"line":6,"column":33}},"1":{"start":{"line":9,"column":26},"end":{"line":12,"column":5}},"2":{"start":{"line":14,"column":19},"end":{"line":19,"column":5}},"3":{"start":{"line":15,"column":33},"end":{"line":15,"column":43}},"4":{"start":{"line":16,"column":26},"end":{"line":16,"column":38}},"5":{"start":{"line":18,"column":8},"end":{"line":18,"column":28}},"6":{"start":{"line":22,"column":39},"end":{"line":22,"column":49}},"7":{"start":{"line":24,"column":8},"end":{"line":31,"column":9}}},"fnMap":{"0":{"name":"(anonymous_0)","decl":{"start":{"line":14,"column":19},"end":{"line":14,"column":20}},"loc":{"start":{"line":14,"column":28},"end":{"line":19,"column":5}},"line":14},"1":{"name":"(anonymous_1)","decl":{"start":{"line":21,"column":4},"end":{"line":21,"column":5}},"loc":{"start":{"line":21,"column":13},"end":{"line":32,"column":5}},"line":21}},"branchMap":{},"s":{"0":5,"1":5,"2":1,"3":0,"4":0,"5":0,"6":1,"7":1},"f":{"0":0,"1":1},"b":{},"_coverageSchema":"43e27e138ebf9cfc5966b082cf9a028302ed4184","hash":"a98aa80e8c197e5ad91fdb880ed2e3c69dc5eb85"}
,"D:\\projects\\trainings\\SPA_Movies\\client\\components\\atoms\\logo\\index.js": {"path":"D:\\projects\\trainings\\SPA_Movies\\client\\components\\atoms\\logo\\index.js","statementMap":{"0":{"start":{"line":5,"column":18},"end":{"line":5,"column":24}},"1":{"start":{"line":9,"column":28},"end":{"line":9,"column":38}},"2":{"start":{"line":10,"column":8},"end":{"line":17,"column":10}}},"fnMap":{"0":{"name":"(anonymous_0)","decl":{"start":{"line":8,"column":4},"end":{"line":8,"column":5}},"loc":{"start":{"line":8,"column":13},"end":{"line":18,"column":5}},"line":8}},"branchMap":{},"s":{"0":7,"1":1,"2":1},"f":{"0":1},"b":{},"_coverageSchema":"43e27e138ebf9cfc5966b082cf9a028302ed4184","hash":"7026009b09d8e92a921cf94995cd97463f9a81b8"}
,"D:\\projects\\trainings\\SPA_Movies\\client\\components\\atoms\\movie-label\\index.js": {"path":"D:\\projects\\trainings\\SPA_Movies\\client\\components\\atoms\\movie-label\\index.js","statementMap":{"0":{"start":{"line":9,"column":18},"end":{"line":9,"column":31}},"1":{"start":{"line":14,"column":19},"end":{"line":14,"column":43}},"2":{"start":{"line":15,"column":14},"end":{"line":15,"column":43}},"3":{"start":{"line":17,"column":15},"end":{"line":20,"column":5}},"4":{"start":{"line":18,"column":36},"end":{"line":18,"column":46}},"5":{"start":{"line":19,"column":8},"end":{"line":19,"column":24}},"6":{"start":{"line":23,"column":26},"end":{"line":23,"column":36}},"7":{"start":{"line":29,"column":12},"end":{"line":29,"column":17}},"8":{"start":{"line":31,"column":8},"end":{"line":49,"column":10}}},"fnMap":{"0":{"name":"(anonymous_0)","decl":{"start":{"line":17,"column":15},"end":{"line":17,"column":16}},"loc":{"start":{"line":17,"column":21},"end":{"line":20,"column":5}},"line":17},"1":{"name":"(anonymous_1)","decl":{"start":{"line":22,"column":4},"end":{"line":22,"column":5}},"loc":{"start":{"line":22,"column":13},"end":{"line":50,"column":5}},"line":22}},"branchMap":{},"s":{"0":5,"1":1,"2":1,"3":1,"4":0,"5":0,"6":1,"7":1,"8":1},"f":{"0":0,"1":1},"b":{},"_coverageSchema":"43e27e138ebf9cfc5966b082cf9a028302ed4184","hash":"ca1b93f14185b574c2caf3f83f071bbff2e41b5e"}
,"D:\\projects\\trainings\\SPA_Movies\\client\\components\\atoms\\movie-label\\utils.js": {"path":"D:\\projects\\trainings\\SPA_Movies\\client\\components\\atoms\\movie-label\\utils.js","statementMap":{"0":{"start":{"line":1,"column":28},"end":{"line":7,"column":1}},"1":{"start":{"line":2,"column":4},"end":{"line":6,"column":5}},"2":{"start":{"line":3,"column":16},"end":{"line":3,"column":33}},"3":{"start":{"line":4,"column":16},"end":{"line":4,"column":42}},"4":{"start":{"line":5,"column":17},"end":{"line":5,"column":42}}},"fnMap":{"0":{"name":"(anonymous_0)","decl":{"start":{"line":1,"column":28},"end":{"line":1,"column":29}},"loc":{"start":{"line":1,"column":45},"end":{"line":7,"column":1}},"line":1}},"branchMap":{"0":{"loc":{"start":{"line":1,"column":29},"end":{"line":1,"column":40}},"type":"default-arg","locations":[{"start":{"line":1,"column":38},"end":{"line":1,"column":40}}],"line":1},"1":{"loc":{"start":{"line":2,"column":4},"end":{"line":6,"column":5}},"type":"switch","locations":[{"start":{"line":3,"column":8},"end":{"line":3,"column":33}},{"start":{"line":4,"column":8},"end":{"line":4,"column":42}},{"start":{"line":5,"column":8},"end":{"line":5,"column":42}}],"line":2}},"s":{"0":5,"1":1,"2":0,"3":0,"4":1},"f":{"0":1},"b":{"0":[1],"1":[0,0,1]},"_coverageSchema":"43e27e138ebf9cfc5966b082cf9a028302ed4184","hash":"3a0616d4334038917818193f63b6328485e23282"}
,"D:\\projects\\trainings\\SPA_Movies\\client\\components\\atoms\\radio-input\\index.js": {"path":"D:\\projects\\trainings\\SPA_Movies\\client\\components\\atoms\\radio-input\\index.js","statementMap":{"0":{"start":{"line":7,"column":18},"end":{"line":7,"column":31}},"1":{"start":{"line":11,"column":26},"end":{"line":13,"column":5}},"2":{"start":{"line":15,"column":19},"end":{"line":20,"column":5}},"3":{"start":{"line":16,"column":33},"end":{"line":16,"column":43}},"4":{"start":{"line":17,"column":26},"end":{"line":17,"column":38}},"5":{"start":{"line":19,"column":8},"end":{"line":19,"column":28}},"6":{"start":{"line":22,"column":23},"end":{"line":51,"column":5}},"7":{"start":{"line":23,"column":28},"end":{"line":23,"column":38}},"8":{"start":{"line":25,"column":8},"end":{"line":50,"column":10}},"9":{"start":{"line":28,"column":44},"end":{"line":28,"column":51}},"10":{"start":{"line":29,"column":38},"end":{"line":29,"column":64}},"11":{"start":{"line":31,"column":20},"end":{"line":47,"column":22}},"12":{"start":{"line":54,"column":32},"end":{"line":54,"column":42}},"13":{"start":{"line":55,"column":8},"end":{"line":62,"column":10}}},"fnMap":{"0":{"name":"(anonymous_0)","decl":{"start":{"line":15,"column":19},"end":{"line":15,"column":20}},"loc":{"start":{"line":15,"column":28},"end":{"line":20,"column":5}},"line":15},"1":{"name":"(anonymous_1)","decl":{"start":{"line":22,"column":23},"end":{"line":22,"column":24}},"loc":{"start":{"line":22,"column":29},"end":{"line":51,"column":5}},"line":22},"2":{"name":"(anonymous_2)","decl":{"start":{"line":27,"column":29},"end":{"line":27,"column":30}},"loc":{"start":{"line":27,"column":49},"end":{"line":48,"column":17}},"line":27},"3":{"name":"(anonymous_3)","decl":{"start":{"line":53,"column":4},"end":{"line":53,"column":5}},"loc":{"start":{"line":53,"column":13},"end":{"line":63,"column":5}},"line":53}},"branchMap":{"0":{"loc":{"start":{"line":26,"column":12},"end":{"line":49,"column":25}},"type":"cond-expr","locations":[{"start":{"line":26,"column":22},"end":{"line":49,"column":18}},{"start":{"line":49,"column":21},"end":{"line":49,"column":25}}],"line":26},"1":{"loc":{"start":{"line":56,"column":12},"end":{"line":61,"column":39}},"type":"cond-expr","locations":[{"start":{"line":57,"column":17},"end":{"line":60,"column":22}},{"start":{"line":61,"column":16},"end":{"line":61,"column":39}}],"line":56}},"s":{"0":6,"1":6,"2":1,"3":0,"4":0,"5":0,"6":1,"7":1,"8":1,"9":0,"10":0,"11":0,"12":1,"13":1},"f":{"0":0,"1":1,"2":0,"3":1},"b":{"0":[0,1],"1":[0,1]},"_coverageSchema":"43e27e138ebf9cfc5966b082cf9a028302ed4184","hash":"8f7b818925731935ea54eeb8a0748f0a45b6e97b"}
,"D:\\projects\\trainings\\SPA_Movies\\client\\components\\molecules\\main-content\\index.js": {"path":"D:\\projects\\trainings\\SPA_Movies\\client\\components\\molecules\\main-content\\index.js","statementMap":{"0":{"start":{"line":8,"column":18},"end":{"line":8,"column":32}},"1":{"start":{"line":14,"column":37},"end":{"line":14,"column":47}},"2":{"start":{"line":16,"column":8},"end":{"line":24,"column":10}}},"fnMap":{"0":{"name":"(anonymous_0)","decl":{"start":{"line":13,"column":4},"end":{"line":13,"column":5}},"loc":{"start":{"line":13,"column":13},"end":{"line":25,"column":5}},"line":13}},"branchMap":{},"s":{"0":3,"1":1,"2":1},"f":{"0":1},"b":{},"_coverageSchema":"43e27e138ebf9cfc5966b082cf9a028302ed4184","hash":"b71c8a6973083b5456efbe623bb379e4e874f7b8"}
,"D:\\projects\\trainings\\SPA_Movies\\client\\components\\molecules\\movie-info\\index.js": {"path":"D:\\projects\\trainings\\SPA_Movies\\client\\components\\molecules\\movie-info\\index.js","statementMap":{"0":{"start":{"line":9,"column":18},"end":{"line":9,"column":30}},"1":{"start":{"line":14,"column":14},"end":{"line":14,"column":43}},"2":{"start":{"line":17,"column":8},"end":{"line":62,"column":9}},"3":{"start":{"line":27,"column":16},"end":{"line":27,"column":26}},"4":{"start":{"line":29,"column":12},"end":{"line":61,"column":14}},"5":{"start":{"line":63,"column":8},"end":{"line":63,"column":20}}},"fnMap":{"0":{"name":"(anonymous_0)","decl":{"start":{"line":16,"column":4},"end":{"line":16,"column":5}},"loc":{"start":{"line":16,"column":13},"end":{"line":64,"column":5}},"line":16}},"branchMap":{"0":{"loc":{"start":{"line":17,"column":8},"end":{"line":62,"column":9}},"type":"if","locations":[{"start":{"line":17,"column":8},"end":{"line":62,"column":9}},{"start":{"line":17,"column":8},"end":{"line":62,"column":9}}],"line":17},"1":{"loc":{"start":{"line":47,"column":32},"end":{"line":49,"column":40}},"type":"cond-expr","locations":[{"start":{"line":48,"column":36},"end":{"line":48,"column":113}},{"start":{"line":49,"column":36},"end":{"line":49,"column":40}}],"line":47},"2":{"loc":{"start":{"line":54,"column":32},"end":{"line":56,"column":40}},"type":"cond-expr","locations":[{"start":{"line":55,"column":36},"end":{"line":55,"column":44}},{"start":{"line":56,"column":36},"end":{"line":56,"column":40}}],"line":54}},"s":{"0":4,"1":1,"2":1,"3":0,"4":0,"5":1},"f":{"0":1},"b":{"0":[0,1],"1":[0,0],"2":[0,0]},"_coverageSchema":"43e27e138ebf9cfc5966b082cf9a028302ed4184","hash":"a9615e86c0a99d9b27e321cd7a3047227b6d1b57"}
,"D:\\projects\\trainings\\SPA_Movies\\client\\components\\molecules\\movies-container\\index.js": {"path":"D:\\projects\\trainings\\SPA_Movies\\client\\components\\molecules\\movies-container\\index.js","statementMap":{"0":{"start":{"line":7,"column":18},"end":{"line":7,"column":36}},"1":{"start":{"line":11,"column":26},"end":{"line":13,"column":5}},"2":{"start":{"line":16,"column":37},"end":{"line":16,"column":47}},"3":{"start":{"line":18,"column":8},"end":{"line":33,"column":10}},"4":{"start":{"line":23,"column":28},"end":{"line":27,"column":30}}},"fnMap":{"0":{"name":"(anonymous_0)","decl":{"start":{"line":15,"column":4},"end":{"line":15,"column":5}},"loc":{"start":{"line":15,"column":13},"end":{"line":34,"column":5}},"line":15},"1":{"name":"(anonymous_1)","decl":{"start":{"line":22,"column":35},"end":{"line":22,"column":36}},"loc":{"start":{"line":23,"column":28},"end":{"line":27,"column":30}},"line":23}},"branchMap":{"0":{"loc":{"start":{"line":21,"column":20},"end":{"line":30,"column":28}},"type":"cond-expr","locations":[{"start":{"line":22,"column":24},"end":{"line":27,"column":31}},{"start":{"line":28,"column":24},"end":{"line":30,"column":28}}],"line":21}},"s":{"0":4,"1":4,"2":1,"3":1,"4":0},"f":{"0":1,"1":0},"b":{"0":[0,1]},"_coverageSchema":"43e27e138ebf9cfc5966b082cf9a028302ed4184","hash":"5183c0ed0e2f52adc4cb349e184afeeb4069baea"}
,"D:\\projects\\trainings\\SPA_Movies\\client\\components\\molecules\\navigation\\index.js": {"path":"D:\\projects\\trainings\\SPA_Movies\\client\\components\\molecules\\navigation\\index.js","statementMap":{"0":{"start":{"line":8,"column":18},"end":{"line":8,"column":30}},"1":{"start":{"line":13,"column":68},"end":{"line":13,"column":78}},"2":{"start":{"line":15,"column":8},"end":{"line":29,"column":10}}},"fnMap":{"0":{"name":"(anonymous_0)","decl":{"start":{"line":12,"column":4},"end":{"line":12,"column":5}},"loc":{"start":{"line":12,"column":13},"end":{"line":30,"column":5}},"line":12}},"branchMap":{"0":{"loc":{"start":{"line":18,"column":17},"end":{"line":27,"column":24}},"type":"cond-expr","locations":[{"start":{"line":19,"column":20},"end":{"line":26,"column":24}},{"start":{"line":27,"column":20},"end":{"line":27,"column":24}}],"line":18}},"s":{"0":4,"1":1,"2":1},"f":{"0":1},"b":{"0":[0,1]},"_coverageSchema":"43e27e138ebf9cfc5966b082cf9a028302ed4184","hash":"31d19c824fd9b79fa367a95a75fad0f7f8ca11ee"}
,"D:\\projects\\trainings\\SPA_Movies\\client\\components\\molecules\\search-panel\\index.js": {"path":"D:\\projects\\trainings\\SPA_Movies\\client\\components\\molecules\\search-panel\\index.js","statementMap":{"0":{"start":{"line":9,"column":18},"end":{"line":9,"column":32}},"1":{"start":{"line":14,"column":26},"end":{"line":18,"column":5}},"2":{"start":{"line":29,"column":12},"end":{"line":29,"column":22}},"3":{"start":{"line":31,"column":8},"end":{"line":54,"column":10}}},"fnMap":{"0":{"name":"(anonymous_0)","decl":{"start":{"line":20,"column":4},"end":{"line":20,"column":5}},"loc":{"start":{"line":20,"column":13},"end":{"line":55,"column":5}},"line":20}},"branchMap":{},"s":{"0":4,"1":4,"2":1,"3":1},"f":{"0":1},"b":{},"_coverageSchema":"43e27e138ebf9cfc5966b082cf9a028302ed4184","hash":"0d444db3640ecc07c15278d3bfa3ca915e8a67bc"}
,"D:\\projects\\trainings\\SPA_Movies\\client\\components\\molecules\\sort-panel\\index.js": {"path":"D:\\projects\\trainings\\SPA_Movies\\client\\components\\molecules\\sort-panel\\index.js","statementMap":{"0":{"start":{"line":7,"column":18},"end":{"line":7,"column":30}},"1":{"start":{"line":12,"column":84},"end":{"line":12,"column":94}},"2":{"start":{"line":14,"column":8},"end":{"line":30,"column":10}}},"fnMap":{"0":{"name":"(anonymous_0)","decl":{"start":{"line":11,"column":4},"end":{"line":11,"column":5}},"loc":{"start":{"line":11,"column":13},"end":{"line":31,"column":5}},"line":11}},"branchMap":{"0":{"loc":{"start":{"line":16,"column":17},"end":{"line":27,"column":23}},"type":"cond-expr","locations":[{"start":{"line":17,"column":24},"end":{"line":17,"column":93}},{"start":{"line":19,"column":20},"end":{"line":27,"column":23}}],"line":16}},"s":{"0":4,"1":1,"2":1},"f":{"0":1},"b":{"0":[0,1]},"_coverageSchema":"43e27e138ebf9cfc5966b082cf9a028302ed4184","hash":"db18a28d708002055824e1c7057b4b4649fe8d5b"}
,"D:\\projects\\trainings\\SPA_Movies\\client\\components\\organisms\\base-layout\\index.js": {"path":"D:\\projects\\trainings\\SPA_Movies\\client\\components\\organisms\\base-layout\\index.js","statementMap":{"0":{"start":{"line":10,"column":18},"end":{"line":10,"column":31}},"1":{"start":{"line":15,"column":8},"end":{"line":34,"column":10}},"2":{"start":{"line":23,"column":36},"end":{"line":25,"column":42}}},"fnMap":{"0":{"name":"(anonymous_0)","decl":{"start":{"line":14,"column":4},"end":{"line":14,"column":5}},"loc":{"start":{"line":14,"column":13},"end":{"line":35,"column":5}},"line":14},"1":{"name":"(anonymous_1)","decl":{"start":{"line":22,"column":32},"end":{"line":22,"column":33}},"loc":{"start":{"line":23,"column":36},"end":{"line":25,"column":42}},"line":23}},"branchMap":{},"s":{"0":1,"1":1,"2":0},"f":{"0":1,"1":0},"b":{},"_coverageSchema":"43e27e138ebf9cfc5966b082cf9a028302ed4184","hash":"8e7502250205fc4a403a3aca3faf373c2e38512a"}
,"D:\\projects\\trainings\\SPA_Movies\\client\\components\\organisms\\header\\index.js": {"path":"D:\\projects\\trainings\\SPA_Movies\\client\\components\\organisms\\header\\index.js","statementMap":{"0":{"start":{"line":13,"column":18},"end":{"line":13,"column":26}},"1":{"start":{"line":15,"column":22},"end":{"line":24,"column":1}},"2":{"start":{"line":26,"column":20},"end":{"line":35,"column":1}},"3":{"start":{"line":40,"column":26},"end":{"line":42,"column":5}},"4":{"start":{"line":44,"column":12},"end":{"line":48,"column":5}},"5":{"start":{"line":51,"column":19},"end":{"line":55,"column":5}},"6":{"start":{"line":51,"column":28},"end":{"line":55,"column":5}},"7":{"start":{"line":52,"column":8},"end":{"line":54,"column":11}},"8":{"start":{"line":57,"column":15},"end":{"line":68,"column":5}},"9":{"start":{"line":58,"column":44},"end":{"line":58,"column":54}},"10":{"start":{"line":59,"column":45},"end":{"line":59,"column":55}},"11":{"start":{"line":61,"column":8},"end":{"line":61,"column":61}},"12":{"start":{"line":63,"column":8},"end":{"line":67,"column":11}},"13":{"start":{"line":78,"column":12},"end":{"line":78,"column":22}},"14":{"start":{"line":84,"column":12},"end":{"line":84,"column":22}},"15":{"start":{"line":86,"column":8},"end":{"line":88,"column":9}},"16":{"start":{"line":87,"column":12},"end":{"line":87,"column":37}},"17":{"start":{"line":90,"column":8},"end":{"line":129,"column":10}}},"fnMap":{"0":{"name":"(anonymous_0)","decl":{"start":{"line":51,"column":19},"end":{"line":51,"column":20}},"loc":{"start":{"line":51,"column":28},"end":{"line":55,"column":5}},"line":51},"1":{"name":"(anonymous_1)","decl":{"start":{"line":51,"column":28},"end":{"line":51,"column":29}},"loc":{"start":{"line":51,"column":37},"end":{"line":55,"column":5}},"line":51},"2":{"name":"(anonymous_2)","decl":{"start":{"line":57,"column":15},"end":{"line":57,"column":16}},"loc":{"start":{"line":57,"column":21},"end":{"line":68,"column":5}},"line":57},"3":{"name":"(anonymous_3)","decl":{"start":{"line":70,"column":4},"end":{"line":70,"column":5}},"loc":{"start":{"line":70,"column":13},"end":{"line":130,"column":5}},"line":70}},"branchMap":{"0":{"loc":{"start":{"line":86,"column":8},"end":{"line":88,"column":9}},"type":"if","locations":[{"start":{"line":86,"column":8},"end":{"line":88,"column":9}},{"start":{"line":86,"column":8},"end":{"line":88,"column":9}}],"line":86}},"s":{"0":3,"1":3,"2":3,"3":3,"4":1,"5":1,"6":3,"7":0,"8":1,"9":0,"10":0,"11":0,"12":0,"13":1,"14":1,"15":1,"16":0,"17":1},"f":{"0":3,"1":0,"2":0,"3":1},"b":{"0":[0,1]},"_coverageSchema":"43e27e138ebf9cfc5966b082cf9a028302ed4184","hash":"c59fd236b25659eb637d1119f23dcef722d428dd"}
,"D:\\projects\\trainings\\SPA_Movies\\client\\components\\organisms\\main\\index.js": {"path":"D:\\projects\\trainings\\SPA_Movies\\client\\components\\organisms\\main\\index.js","statementMap":{"0":{"start":{"line":17,"column":23},"end":{"line":21,"column":1}},"1":{"start":{"line":25,"column":26},"end":{"line":31,"column":5}},"2":{"start":{"line":34,"column":71},"end":{"line":34,"column":81}},"3":{"start":{"line":35,"column":8},"end":{"line":43,"column":9}},"4":{"start":{"line":36,"column":12},"end":{"line":40,"column":18}},"5":{"start":{"line":38,"column":20},"end":{"line":38,"column":56}},"6":{"start":{"line":39,"column":20},"end":{"line":39,"column":59}},"7":{"start":{"line":42,"column":12},"end":{"line":42,"column":52}},"8":{"start":{"line":46,"column":18},"end":{"line":53,"column":5}},"9":{"start":{"line":47,"column":8},"end":{"line":52,"column":60}},"10":{"start":{"line":52,"column":29},"end":{"line":52,"column":58}},"11":{"start":{"line":55,"column":20},"end":{"line":58,"column":5}},"12":{"start":{"line":56,"column":28},"end":{"line":56,"column":38}},"13":{"start":{"line":57,"column":8},"end":{"line":57,"column":59}},"14":{"start":{"line":60,"column":16},"end":{"line":63,"column":5}},"15":{"start":{"line":61,"column":30},"end":{"line":61,"column":40}},"16":{"start":{"line":62,"column":8},"end":{"line":62,"column":25}},"17":{"start":{"line":65,"column":19},"end":{"line":80,"column":5}},"18":{"start":{"line":66,"column":34},"end":{"line":66,"column":44}},"19":{"start":{"line":67,"column":8},"end":{"line":67,"column":48}},"20":{"start":{"line":68,"column":8},"end":{"line":79,"column":14}},"21":{"start":{"line":70,"column":16},"end":{"line":70,"column":71}},"22":{"start":{"line":71,"column":16},"end":{"line":71,"column":27}},"23":{"start":{"line":74,"column":20},"end":{"line":74,"column":56}},"24":{"start":{"line":75,"column":20},"end":{"line":77,"column":23}},"25":{"start":{"line":82,"column":13},"end":{"line":86,"column":5}},"26":{"start":{"line":83,"column":28},"end":{"line":83,"column":38}},"27":{"start":{"line":84,"column":8},"end":{"line":84,"column":26}},"28":{"start":{"line":85,"column":8},"end":{"line":85,"column":22}},"29":{"start":{"line":101,"column":12},"end":{"line":101,"column":22}},"30":{"start":{"line":103,"column":8},"end":{"line":125,"column":9}},"31":{"start":{"line":131,"column":28},"end":{"line":131,"column":53}},"32":{"start":{"line":132,"column":8},"end":{"line":140,"column":9}}},"fnMap":{"0":{"name":"(anonymous_0)","decl":{"start":{"line":33,"column":4},"end":{"line":33,"column":5}},"loc":{"start":{"line":33,"column":24},"end":{"line":44,"column":5}},"line":33},"1":{"name":"(anonymous_1)","decl":{"start":{"line":37,"column":22},"end":{"line":37,"column":23}},"loc":{"start":{"line":37,"column":39},"end":{"line":40,"column":17}},"line":37},"2":{"name":"(anonymous_2)","decl":{"start":{"line":46,"column":29},"end":{"line":46,"column":30}},"loc":{"start":{"line":47,"column":8},"end":{"line":52,"column":60}},"line":47},"3":{"name":"(anonymous_3)","decl":{"start":{"line":52,"column":13},"end":{"line":52,"column":14}},"loc":{"start":{"line":52,"column":29},"end":{"line":52,"column":58}},"line":52},"4":{"name":"(anonymous_4)","decl":{"start":{"line":55,"column":20},"end":{"line":55,"column":21}},"loc":{"start":{"line":55,"column":37},"end":{"line":58,"column":5}},"line":55},"5":{"name":"(anonymous_5)","decl":{"start":{"line":60,"column":16},"end":{"line":60,"column":17}},"loc":{"start":{"line":60,"column":26},"end":{"line":63,"column":5}},"line":60},"6":{"name":"(anonymous_6)","decl":{"start":{"line":65,"column":19},"end":{"line":65,"column":20}},"loc":{"start":{"line":65,"column":28},"end":{"line":80,"column":5}},"line":65},"7":{"name":"(anonymous_7)","decl":{"start":{"line":69,"column":18},"end":{"line":69,"column":19}},"loc":{"start":{"line":69,"column":26},"end":{"line":72,"column":13}},"line":69},"8":{"name":"(anonymous_8)","decl":{"start":{"line":73,"column":18},"end":{"line":73,"column":19}},"loc":{"start":{"line":73,"column":35},"end":{"line":78,"column":17}},"line":73},"9":{"name":"(anonymous_9)","decl":{"start":{"line":82,"column":13},"end":{"line":82,"column":14}},"loc":{"start":{"line":82,"column":19},"end":{"line":86,"column":5}},"line":82},"10":{"name":"(anonymous_10)","decl":{"start":{"line":88,"column":4},"end":{"line":88,"column":5}},"loc":{"start":{"line":88,"column":13},"end":{"line":126,"column":5}},"line":88},"11":{"name":"(anonymous_11)","decl":{"start":{"line":130,"column":4},"end":{"line":130,"column":5}},"loc":{"start":{"line":130,"column":34},"end":{"line":141,"column":5}},"line":130}},"branchMap":{"0":{"loc":{"start":{"line":35,"column":8},"end":{"line":43,"column":9}},"type":"if","locations":[{"start":{"line":35,"column":8},"end":{"line":43,"column":9}},{"start":{"line":35,"column":8},"end":{"line":43,"column":9}}],"line":35},"1":{"loc":{"start":{"line":46,"column":30},"end":{"line":46,"column":63}},"type":"default-arg","locations":[{"start":{"line":46,"column":61},"end":{"line":46,"column":63}}],"line":46}},"s":{"0":2,"1":2,"2":1,"3":1,"4":0,"5":0,"6":0,"7":1,"8":1,"9":0,"10":0,"11":1,"12":0,"13":0,"14":1,"15":1,"16":1,"17":1,"18":0,"19":0,"20":0,"21":0,"22":0,"23":0,"24":0,"25":1,"26":0,"27":0,"28":0,"29":1,"30":1,"31":0,"32":0},"f":{"0":1,"1":0,"2":0,"3":0,"4":0,"5":1,"6":0,"7":0,"8":0,"9":0,"10":1,"11":0},"b":{"0":[0,1],"1":[0]},"_coverageSchema":"43e27e138ebf9cfc5966b082cf9a028302ed4184","hash":"84f8e73d7a9b11a59f8d00857c3967b0de710498"}
,"D:\\projects\\trainings\\SPA_Movies\\client\\core\\api\\config\\config-api.js": {"path":"D:\\projects\\trainings\\SPA_Movies\\client\\core\\api\\config\\config-api.js","statementMap":{"0":{"start":{"line":1,"column":26},"end":{"line":3,"column":1}}},"fnMap":{},"branchMap":{},"s":{"0":2},"f":{},"b":{},"_coverageSchema":"43e27e138ebf9cfc5966b082cf9a028302ed4184","hash":"742965ea7163fd0e8b89dc8d7517e35467291292"}
,"D:\\projects\\trainings\\SPA_Movies\\client\\core\\api\\config\\index.js": {"path":"D:\\projects\\trainings\\SPA_Movies\\client\\core\\api\\config\\index.js","statementMap":{},"fnMap":{},"branchMap":{},"s":{},"f":{},"b":{},"_coverageSchema":"43e27e138ebf9cfc5966b082cf9a028302ed4184","hash":"397ec0610ba0443eea1db238e6959004933e641a"}
,"D:\\projects\\trainings\\SPA_Movies\\client\\core\\api\\config\\endpoints\\index.js": {"path":"D:\\projects\\trainings\\SPA_Movies\\client\\core\\api\\config\\endpoints\\index.js","statementMap":{"0":{"start":{"line":1,"column":25},"end":{"line":3,"column":1}}},"fnMap":{},"branchMap":{},"s":{"0":2},"f":{},"b":{},"_coverageSchema":"43e27e138ebf9cfc5966b082cf9a028302ed4184","hash":"37e86bcfd823ed6694efffd5a391179cf84398a3"}
,"D:\\projects\\trainings\\SPA_Movies\\client\\core\\api\\create-api\\create-api.js": {"path":"D:\\projects\\trainings\\SPA_Movies\\client\\core\\api\\create-api\\create-api.js","statementMap":{"0":{"start":{"line":5,"column":20},"end":{"line":5,"column":45}},"1":{"start":{"line":7,"column":16},"end":{"line":16,"column":5}},"2":{"start":{"line":9,"column":12},"end":{"line":15,"column":54}},"3":{"start":{"line":15,"column":32},"end":{"line":15,"column":53}},"4":{"start":{"line":17,"column":4},"end":{"line":19,"column":7}}},"fnMap":{"0":{"name":"createApi","decl":{"start":{"line":3,"column":16},"end":{"line":3,"column":25}},"loc":{"start":{"line":3,"column":44},"end":{"line":20,"column":1}},"line":3},"1":{"name":"(anonymous_1)","decl":{"start":{"line":8,"column":13},"end":{"line":8,"column":14}},"loc":{"start":{"line":9,"column":12},"end":{"line":15,"column":54}},"line":9},"2":{"name":"(anonymous_2)","decl":{"start":{"line":15,"column":23},"end":{"line":15,"column":24}},"loc":{"start":{"line":15,"column":32},"end":{"line":15,"column":53}},"line":15}},"branchMap":{"0":{"loc":{"start":{"line":3,"column":26},"end":{"line":3,"column":42}},"type":"default-arg","locations":[{"start":{"line":3,"column":40},"end":{"line":3,"column":42}}],"line":3},"1":{"loc":{"start":{"line":8,"column":27},"end":{"line":8,"column":38}},"type":"default-arg","locations":[{"start":{"line":8,"column":36},"end":{"line":8,"column":38}}],"line":8}},"s":{"0":2,"1":2,"2":0,"3":0,"4":2},"f":{"0":2,"1":0,"2":0},"b":{"0":[0],"1":[0]},"_coverageSchema":"43e27e138ebf9cfc5966b082cf9a028302ed4184","hash":"c2c74da4fc5bc9eab40c2e64c35bca8fd3fa9211"}
,"D:\\projects\\trainings\\SPA_Movies\\client\\core\\api\\create-api\\index.js": {"path":"D:\\projects\\trainings\\SPA_Movies\\client\\core\\api\\create-api\\index.js","statementMap":{"0":{"start":{"line":4,"column":23},"end":{"line":4,"column":44}}},"fnMap":{},"branchMap":{},"s":{"0":2},"f":{},"b":{},"_coverageSchema":"43e27e138ebf9cfc5966b082cf9a028302ed4184","hash":"f5b9edc6eedc0f4df311948c01f376f8959cb752"}
,"D:\\projects\\trainings\\SPA_Movies\\client\\core\\api\\requests\\getMovieById.js": {"path":"D:\\projects\\trainings\\SPA_Movies\\client\\core\\api\\requests\\getMovieById.js","statementMap":{"0":{"start":{"line":5,"column":23},"end":{"line":5,"column":32}},"1":{"start":{"line":7,"column":28},"end":{"line":10,"column":28}},"2":{"start":{"line":8,"column":4},"end":{"line":10,"column":28}}},"fnMap":{"0":{"name":"(anonymous_0)","decl":{"start":{"line":7,"column":28},"end":{"line":7,"column":29}},"loc":{"start":{"line":8,"column":4},"end":{"line":10,"column":28}},"line":8}},"branchMap":{},"s":{"0":2,"1":2,"2":0},"f":{"0":0},"b":{},"_coverageSchema":"43e27e138ebf9cfc5966b082cf9a028302ed4184","hash":"561cdd82aa6359658687eb26635373516a1d43c5"}
,"D:\\projects\\trainings\\SPA_Movies\\client\\core\\api\\requests\\getMovies.js": {"path":"D:\\projects\\trainings\\SPA_Movies\\client\\core\\api\\requests\\getMovies.js","statementMap":{"0":{"start":{"line":5,"column":23},"end":{"line":5,"column":32}},"1":{"start":{"line":7,"column":25},"end":{"line":10,"column":28}},"2":{"start":{"line":8,"column":4},"end":{"line":10,"column":28}}},"fnMap":{"0":{"name":"(anonymous_0)","decl":{"start":{"line":7,"column":25},"end":{"line":7,"column":26}},"loc":{"start":{"line":8,"column":4},"end":{"line":10,"column":28}},"line":8}},"branchMap":{"0":{"loc":{"start":{"line":7,"column":26},"end":{"line":7,"column":67}},"type":"default-arg","locations":[{"start":{"line":7,"column":65},"end":{"line":7,"column":67}}],"line":7}},"s":{"0":2,"1":2,"2":0},"f":{"0":0},"b":{"0":[0]},"_coverageSchema":"43e27e138ebf9cfc5966b082cf9a028302ed4184","hash":"12cc62f07650cc6b68bfd59b690d548b23652a2c"}
,"D:\\projects\\trainings\\SPA_Movies\\client\\core\\api\\requests\\index.js": {"path":"D:\\projects\\trainings\\SPA_Movies\\client\\core\\api\\requests\\index.js","statementMap":{},"fnMap":{},"branchMap":{},"s":{},"f":{},"b":{},"_coverageSchema":"43e27e138ebf9cfc5966b082cf9a028302ed4184","hash":"b30b22600c57b6e4be4efe345bd255e838255423"}
,"D:\\projects\\trainings\\SPA_Movies\\client\\core\\api\\utils\\index.js": {"path":"D:\\projects\\trainings\\SPA_Movies\\client\\core\\api\\utils\\index.js","statementMap":{"0":{"start":{"line":6,"column":29},"end":{"line":6,"column":71}},"1":{"start":{"line":6,"column":59},"end":{"line":6,"column":70}}},"fnMap":{"0":{"name":"(anonymous_0)","decl":{"start":{"line":6,"column":29},"end":{"line":6,"column":30}},"loc":{"start":{"line":6,"column":59},"end":{"line":6,"column":70}},"line":6}},"branchMap":{"0":{"loc":{"start":{"line":6,"column":30},"end":{"line":6,"column":53}},"type":"default-arg","locations":[{"start":{"line":6,"column":41},"end":{"line":6,"column":53}}],"line":6}},"s":{"0":2,"1":0},"f":{"0":0},"b":{"0":[0]},"_coverageSchema":"43e27e138ebf9cfc5966b082cf9a028302ed4184","hash":"0ede0169654ef88c52b8016e7206ff5063bf9684"}
,"D:\\projects\\trainings\\SPA_Movies\\client\\mock\\getMovieById.js": {"path":"D:\\projects\\trainings\\SPA_Movies\\client\\mock\\getMovieById.js","statementMap":{"0":{"start":{"line":1,"column":31},"end":{"line":18,"column":1}},"1":{"start":{"line":20,"column":31},"end":{"line":36,"column":1}}},"fnMap":{},"branchMap":{},"s":{"0":2,"1":2},"f":{},"b":{},"_coverageSchema":"43e27e138ebf9cfc5966b082cf9a028302ed4184","hash":"1160570a9c0436e79932d8bd5b304a7dcbd6a4ca"}
,"D:\\projects\\trainings\\SPA_Movies\\client\\mock\\getMovies.js": {"path":"D:\\projects\\trainings\\SPA_Movies\\client\\mock\\getMovies.js","statementMap":{"0":{"start":{"line":1,"column":17},"end":{"line":191,"column":1}}},"fnMap":{},"branchMap":{},"s":{"0":2},"f":{},"b":{},"_coverageSchema":"43e27e138ebf9cfc5966b082cf9a028302ed4184","hash":"0161cafa6616dd14b4c81ebeed2e6872c4800309"}
,"D:\\projects\\trainings\\SPA_Movies\\client\\store\\store.js": {"path":"D:\\projects\\trainings\\SPA_Movies\\client\\store\\store.js","statementMap":{"0":{"start":{"line":7,"column":16},"end":{"line":7,"column":43}},"1":{"start":{"line":9,"column":21},"end":{"line":9,"column":73}}},"fnMap":{},"branchMap":{},"s":{"0":1,"1":1},"f":{},"b":{},"_coverageSchema":"43e27e138ebf9cfc5966b082cf9a028302ed4184","hash":"40b626a3202ec7eb39d9b4c87c1c41b57a664510"}
,"D:\\projects\\trainings\\SPA_Movies\\client\\store\\actions\\movies.js": {"path":"D:\\projects\\trainings\\SPA_Movies\\client\\store\\actions\\movies.js","statementMap":{"0":{"start":{"line":1,"column":25},"end":{"line":5,"column":6}},"1":{"start":{"line":2,"column":5},"end":{"line":5,"column":5}},"2":{"start":{"line":7,"column":23},"end":{"line":11,"column":6}},"3":{"start":{"line":8,"column":5},"end":{"line":11,"column":5}},"4":{"start":{"line":13,"column":31},"end":{"line":17,"column":6}},"5":{"start":{"line":14,"column":5},"end":{"line":17,"column":5}}},"fnMap":{"0":{"name":"(anonymous_0)","decl":{"start":{"line":1,"column":25},"end":{"line":1,"column":26}},"loc":{"start":{"line":2,"column":5},"end":{"line":5,"column":5}},"line":2},"1":{"name":"(anonymous_1)","decl":{"start":{"line":7,"column":23},"end":{"line":7,"column":24}},"loc":{"start":{"line":8,"column":5},"end":{"line":11,"column":5}},"line":8},"2":{"name":"(anonymous_2)","decl":{"start":{"line":13,"column":31},"end":{"line":13,"column":32}},"loc":{"start":{"line":14,"column":5},"end":{"line":17,"column":5}},"line":14}},"branchMap":{},"s":{"0":4,"1":2,"2":4,"3":2,"4":4,"5":0},"f":{"0":2,"1":2,"2":0},"b":{},"_coverageSchema":"43e27e138ebf9cfc5966b082cf9a028302ed4184","hash":"0388ae567babc8def7f3b020b48e4bd68e65024d"}
,"D:\\projects\\trainings\\SPA_Movies\\client\\store\\reducers\\movies.js": {"path":"D:\\projects\\trainings\\SPA_Movies\\client\\store\\reducers\\movies.js","statementMap":{"0":{"start":{"line":1,"column":21},"end":{"line":7,"column":1}},"1":{"start":{"line":10,"column":4},"end":{"line":34,"column":5}},"2":{"start":{"line":12,"column":12},"end":{"line":18,"column":14}},"3":{"start":{"line":20,"column":12},"end":{"line":23,"column":14}},"4":{"start":{"line":33,"column":17},"end":{"line":33,"column":30}}},"fnMap":{"0":{"name":"movies","decl":{"start":{"line":9,"column":24},"end":{"line":9,"column":30}},"loc":{"start":{"line":9,"column":72},"end":{"line":35,"column":1}},"line":9}},"branchMap":{"0":{"loc":{"start":{"line":9,"column":31},"end":{"line":9,"column":51}},"type":"default-arg","locations":[{"start":{"line":9,"column":39},"end":{"line":9,"column":51}}],"line":9},"1":{"loc":{"start":{"line":10,"column":4},"end":{"line":34,"column":5}},"type":"switch","locations":[{"start":{"line":11,"column":8},"end":{"line":18,"column":14}},{"start":{"line":19,"column":8},"end":{"line":23,"column":14}},{"start":{"line":33,"column":8},"end":{"line":33,"column":30}}],"line":10}},"s":{"0":2,"1":9,"2":1,"3":1,"4":7},"f":{"0":9},"b":{"0":[6],"1":[1,1,7]},"_coverageSchema":"43e27e138ebf9cfc5966b082cf9a028302ed4184","hash":"462c116d2e188c115354072481b72b934934b28a"}
,"D:\\projects\\trainings\\SPA_Movies\\client\\store\\thunks\\movies.js": {"path":"D:\\projects\\trainings\\SPA_Movies\\client\\store\\thunks\\movies.js","statementMap":{"0":{"start":{"line":5,"column":25},"end":{"line":8,"column":43}},"1":{"start":{"line":5,"column":35},"end":{"line":8,"column":43}},"2":{"start":{"line":6,"column":4},"end":{"line":8,"column":43}},"3":{"start":{"line":7,"column":22},"end":{"line":7,"column":47}},"4":{"start":{"line":8,"column":24},"end":{"line":8,"column":42}},"5":{"start":{"line":10,"column":23},"end":{"line":13,"column":43}},"6":{"start":{"line":10,"column":33},"end":{"line":13,"column":43}},"7":{"start":{"line":11,"column":4},"end":{"line":13,"column":43}},"8":{"start":{"line":12,"column":22},"end":{"line":12,"column":45}},"9":{"start":{"line":13,"column":24},"end":{"line":13,"column":42}}},"fnMap":{"0":{"name":"(anonymous_0)","decl":{"start":{"line":5,"column":25},"end":{"line":5,"column":26}},"loc":{"start":{"line":5,"column":35},"end":{"line":8,"column":43}},"line":5},"1":{"name":"(anonymous_1)","decl":{"start":{"line":5,"column":35},"end":{"line":5,"column":36}},"loc":{"start":{"line":6,"column":4},"end":{"line":8,"column":43}},"line":6},"2":{"name":"(anonymous_2)","decl":{"start":{"line":7,"column":14},"end":{"line":7,"column":15}},"loc":{"start":{"line":7,"column":22},"end":{"line":7,"column":47}},"line":7},"3":{"name":"(anonymous_3)","decl":{"start":{"line":8,"column":15},"end":{"line":8,"column":16}},"loc":{"start":{"line":8,"column":24},"end":{"line":8,"column":42}},"line":8},"4":{"name":"(anonymous_4)","decl":{"start":{"line":10,"column":23},"end":{"line":10,"column":24}},"loc":{"start":{"line":10,"column":33},"end":{"line":13,"column":43}},"line":10},"5":{"name":"(anonymous_5)","decl":{"start":{"line":10,"column":33},"end":{"line":10,"column":34}},"loc":{"start":{"line":11,"column":4},"end":{"line":13,"column":43}},"line":11},"6":{"name":"(anonymous_6)","decl":{"start":{"line":12,"column":14},"end":{"line":12,"column":15}},"loc":{"start":{"line":12,"column":22},"end":{"line":12,"column":45}},"line":12},"7":{"name":"(anonymous_7)","decl":{"start":{"line":13,"column":15},"end":{"line":13,"column":16}},"loc":{"start":{"line":13,"column":24},"end":{"line":13,"column":42}},"line":13}},"branchMap":{},"s":{"0":2,"1":0,"2":0,"3":0,"4":0,"5":2,"6":0,"7":0,"8":0,"9":0},"f":{"0":0,"1":0,"2":0,"3":0,"4":0,"5":0,"6":0,"7":0},"b":{},"_coverageSchema":"43e27e138ebf9cfc5966b082cf9a028302ed4184","hash":"2b6887664cb55c6f000cee5b04136ebaed81d178"}
,"D:\\projects\\trainings\\SPA_Movies\\client\\utils\\index.js": {"path":"D:\\projects\\trainings\\SPA_Movies\\client\\utils\\index.js","statementMap":{"0":{"start":{"line":5,"column":33},"end":{"line":5,"column":76}},"1":{"start":{"line":5,"column":54},"end":{"line":5,"column":76}},"2":{"start":{"line":7,"column":30},"end":{"line":12,"column":1}},"3":{"start":{"line":8,"column":4},"end":{"line":11,"column":7}}},"fnMap":{"0":{"name":"(anonymous_0)","decl":{"start":{"line":5,"column":33},"end":{"line":5,"column":34}},"loc":{"start":{"line":5,"column":54},"end":{"line":5,"column":76}},"line":5},"1":{"name":"(anonymous_1)","decl":{"start":{"line":7,"column":30},"end":{"line":7,"column":31}},"loc":{"start":{"line":7,"column":38},"end":{"line":12,"column":1}},"line":7}},"branchMap":{"0":{"loc":{"start":{"line":5,"column":34},"end":{"line":5,"column":49}},"type":"default-arg","locations":[{"start":{"line":5,"column":47},"end":{"line":5,"column":49}}],"line":5}},"s":{"0":7,"1":1,"2":7,"3":0},"f":{"0":1,"1":0},"b":{"0":[1]},"_coverageSchema":"43e27e138ebf9cfc5966b082cf9a028302ed4184","hash":"37cafcb88cbb8e5d0e303f6a5e79f44db78d4e18"}
}
