TN:
SF:D:\projects\trainings\SPA_Movies\client\components\atoms\button\index.js
FN:12,(anonymous_0)
FNF:1
FNH:1
FNDA:1,(anonymous_0)
DA:5,5
DA:8,5
DA:13,1
DA:15,1
LF:4
LH:4
BRF:0
BRH:0
end_of_record
TN:
SF:D:\projects\trainings\SPA_Movies\client\components\atoms\content-footer\index.js
FN:11,(anonymous_0)
FNF:1
FNH:1
FNDA:1,(anonymous_0)
DA:7,4
DA:12,1
LF:2
LH:2
BRF:0
BRH:0
end_of_record
TN:
SF:D:\projects\trainings\SPA_Movies\client\components\atoms\error-boundary\index.js
FN:14,(anonymous_0)
FN:21,(anonymous_1)
FNF:2
FNH:1
FNDA:0,(anonymous_0)
FNDA:1,(anonymous_1)
DA:5,3
DA:9,1
DA:15,0
DA:22,1
DA:23,1
DA:25,1
LF:6
LH:5
BRDA:26,0,0,0
BRDA:26,0,1,1
BRDA:33,1,0,0
BRDA:33,1,1,0
BRF:4
BRH:1
end_of_record
TN:
SF:D:\projects\trainings\SPA_Movies\client\components\atoms\input\index.js
FN:14,(anonymous_0)
FN:21,(anonymous_1)
FNF:2
FNH:1
FNDA:0,(anonymous_0)
FNDA:1,(anonymous_1)
DA:6,5
DA:9,5
DA:14,1
DA:15,0
DA:16,0
DA:18,0
DA:22,1
DA:24,1
LF:8
LH:5
BRF:0
BRH:0
end_of_record
TN:
SF:D:\projects\trainings\SPA_Movies\client\components\atoms\logo\index.js
FN:8,(anonymous_0)
FNF:1
FNH:1
FNDA:1,(anonymous_0)
DA:5,7
DA:9,1
DA:10,1
LF:3
LH:3
BRF:0
BRH:0
end_of_record
TN:
SF:D:\projects\trainings\SPA_Movies\client\components\atoms\movie-label\index.js
FN:17,(anonymous_0)
FN:22,(anonymous_1)
FNF:2
FNH:1
FNDA:0,(anonymous_0)
FNDA:1,(anonymous_1)
DA:9,5
DA:14,1
DA:15,1
DA:17,1
DA:18,0
DA:19,0
DA:23,1
DA:29,1
DA:31,1
LF:9
LH:7
BRF:0
BRH:0
end_of_record
TN:
SF:D:\projects\trainings\SPA_Movies\client\components\atoms\movie-label\utils.js
FN:1,(anonymous_0)
FNF:1
FNH:1
FNDA:1,(anonymous_0)
DA:1,5
DA:2,1
DA:3,0
DA:4,0
DA:5,1
LF:5
LH:3
BRDA:1,0,0,1
BRDA:2,1,0,0
BRDA:2,1,1,0
BRDA:2,1,2,1
BRF:4
BRH:2
end_of_record
TN:
SF:D:\projects\trainings\SPA_Movies\client\components\atoms\radio-input\index.js
FN:15,(anonymous_0)
FN:22,(anonymous_1)
FN:27,(anonymous_2)
FN:53,(anonymous_3)
FNF:4
FNH:2
FNDA:0,(anonymous_0)
FNDA:1,(anonymous_1)
FNDA:0,(anonymous_2)
FNDA:1,(anonymous_3)
DA:7,6
DA:11,6
DA:15,1
DA:16,0
DA:17,0
DA:19,0
DA:22,1
DA:23,1
DA:25,1
DA:28,0
DA:29,0
DA:31,0
DA:54,1
DA:55,1
LF:14
LH:8
BRDA:26,0,0,0
BRDA:26,0,1,1
BRDA:56,1,0,0
BRDA:56,1,1,1
BRF:4
BRH:2
end_of_record
TN:
SF:D:\projects\trainings\SPA_Movies\client\components\molecules\main-content\index.js
FN:13,(anonymous_0)
FNF:1
FNH:1
FNDA:1,(anonymous_0)
DA:8,3
DA:14,1
DA:16,1
LF:3
LH:3
BRF:0
BRH:0
end_of_record
TN:
SF:D:\projects\trainings\SPA_Movies\client\components\molecules\movie-info\index.js
FN:16,(anonymous_0)
FNF:1
FNH:1
FNDA:1,(anonymous_0)
DA:9,4
DA:14,1
DA:17,1
DA:27,0
DA:29,0
DA:63,1
LF:6
LH:4
BRDA:17,0,0,0
BRDA:17,0,1,1
BRDA:47,1,0,0
BRDA:47,1,1,0
BRDA:54,2,0,0
BRDA:54,2,1,0
BRF:6
BRH:1
end_of_record
TN:
SF:D:\projects\trainings\SPA_Movies\client\components\molecules\movies-container\index.js
FN:15,(anonymous_0)
FN:22,(anonymous_1)
FNF:2
FNH:1
FNDA:1,(anonymous_0)
FNDA:0,(anonymous_1)
DA:7,4
DA:11,4
DA:16,1
DA:18,1
DA:23,0
LF:5
LH:4
BRDA:21,0,0,0
BRDA:21,0,1,1
BRF:2
BRH:1
end_of_record
TN:
SF:D:\projects\trainings\SPA_Movies\client\components\molecules\navigation\index.js
FN:12,(anonymous_0)
FNF:1
FNH:1
FNDA:1,(anonymous_0)
DA:8,4
DA:13,1
DA:15,1
LF:3
LH:3
BRDA:18,0,0,0
BRDA:18,0,1,1
BRF:2
BRH:1
end_of_record
TN:
SF:D:\projects\trainings\SPA_Movies\client\components\molecules\search-panel\index.js
FN:20,(anonymous_0)
FNF:1
FNH:1
FNDA:1,(anonymous_0)
DA:9,4
DA:14,4
DA:29,1
DA:31,1
LF:4
LH:4
BRF:0
BRH:0
end_of_record
TN:
SF:D:\projects\trainings\SPA_Movies\client\components\molecules\sort-panel\index.js
FN:11,(anonymous_0)
FNF:1
FNH:1
FNDA:1,(anonymous_0)
DA:7,4
DA:12,1
DA:14,1
LF:3
LH:3
BRDA:16,0,0,0
BRDA:16,0,1,1
BRF:2
BRH:1
end_of_record
TN:
SF:D:\projects\trainings\SPA_Movies\client\components\organisms\base-layout\index.js
FN:14,(anonymous_0)
FN:22,(anonymous_1)
FNF:2
FNH:1
FNDA:1,(anonymous_0)
FNDA:0,(anonymous_1)
DA:10,1
DA:15,1
DA:23,0
LF:3
LH:2
BRF:0
BRH:0
end_of_record
TN:
SF:D:\projects\trainings\SPA_Movies\client\components\organisms\header\index.js
FN:51,(anonymous_0)
FN:51,(anonymous_1)
FN:57,(anonymous_2)
FN:70,(anonymous_3)
FNF:4
FNH:2
FNDA:3,(anonymous_0)
FNDA:0,(anonymous_1)
FNDA:0,(anonymous_2)
FNDA:1,(anonymous_3)
DA:13,3
DA:15,3
DA:26,3
DA:40,3
DA:44,1
DA:51,3
DA:52,0
DA:57,1
DA:58,0
DA:59,0
DA:61,0
DA:63,0
DA:78,1
DA:84,1
DA:86,1
DA:87,0
DA:90,1
LF:17
LH:11
BRDA:86,0,0,0
BRDA:86,0,1,1
BRF:2
BRH:1
end_of_record
TN:
SF:D:\projects\trainings\SPA_Movies\client\components\organisms\main\index.js
FN:33,(anonymous_0)
FN:37,(anonymous_1)
FN:46,(anonymous_2)
FN:52,(anonymous_3)
FN:55,(anonymous_4)
FN:60,(anonymous_5)
FN:65,(anonymous_6)
FN:69,(anonymous_7)
FN:73,(anonymous_8)
FN:82,(anonymous_9)
FN:88,(anonymous_10)
FN:130,(anonymous_11)
FNF:12
FNH:3
FNDA:1,(anonymous_0)
FNDA:0,(anonymous_1)
FNDA:0,(anonymous_2)
FNDA:0,(anonymous_3)
FNDA:0,(anonymous_4)
FNDA:1,(anonymous_5)
FNDA:0,(anonymous_6)
FNDA:0,(anonymous_7)
FNDA:0,(anonymous_8)
FNDA:0,(anonymous_9)
FNDA:1,(anonymous_10)
FNDA:0,(anonymous_11)
DA:17,2
DA:25,2
DA:34,1
DA:35,1
DA:36,0
DA:38,0
DA:39,0
DA:42,1
DA:46,1
DA:47,0
DA:52,0
DA:55,1
DA:56,0
DA:57,0
DA:60,1
DA:61,1
DA:62,1
DA:65,1
DA:66,0
DA:67,0
DA:68,0
DA:70,0
DA:71,0
DA:74,0
DA:75,0
DA:82,1
DA:83,0
DA:84,0
DA:85,0
DA:101,1
DA:103,1
DA:131,0
DA:132,0
LF:33
LH:14
BRDA:35,0,0,0
BRDA:35,0,1,1
BRDA:46,1,0,0
BRF:3
BRH:1
end_of_record
TN:
SF:D:\projects\trainings\SPA_Movies\client\core\api\config\config-api.js
FNF:0
FNH:0
DA:1,2
LF:1
LH:1
BRF:0
BRH:0
end_of_record
TN:
SF:D:\projects\trainings\SPA_Movies\client\core\api\config\index.js
FNF:0
FNH:0
LF:0
LH:0
BRF:0
BRH:0
end_of_record
TN:
SF:D:\projects\trainings\SPA_Movies\client\core\api\config\endpoints\index.js
FNF:0
FNH:0
DA:1,2
LF:1
LH:1
BRF:0
BRH:0
end_of_record
TN:
SF:D:\projects\trainings\SPA_Movies\client\core\api\create-api\create-api.js
FN:3,createApi
FN:8,(anonymous_1)
FN:15,(anonymous_2)
FNF:3
FNH:1
FNDA:2,createApi
FNDA:0,(anonymous_1)
FNDA:0,(anonymous_2)
DA:5,2
DA:7,2
DA:9,0
DA:15,0
DA:17,2
LF:5
LH:3
BRDA:3,0,0,0
BRDA:8,1,0,0
BRF:2
BRH:0
end_of_record
TN:
SF:D:\projects\trainings\SPA_Movies\client\core\api\create-api\index.js
FNF:0
FNH:0
DA:4,2
LF:1
LH:1
BRF:0
BRH:0
end_of_record
TN:
SF:D:\projects\trainings\SPA_Movies\client\core\api\requests\getMovieById.js
FN:7,(anonymous_0)
FNF:1
FNH:0
FNDA:0,(anonymous_0)
DA:5,2
DA:7,2
DA:8,0
LF:3
LH:2
BRF:0
BRH:0
end_of_record
TN:
SF:D:\projects\trainings\SPA_Movies\client\core\api\requests\getMovies.js
FN:7,(anonymous_0)
FNF:1
FNH:0
FNDA:0,(anonymous_0)
DA:5,2
DA:7,2
DA:8,0
LF:3
LH:2
BRDA:7,0,0,0
BRF:1
BRH:0
end_of_record
TN:
SF:D:\projects\trainings\SPA_Movies\client\core\api\requests\index.js
FNF:0
FNH:0
LF:0
LH:0
BRF:0
BRH:0
end_of_record
TN:
SF:D:\projects\trainings\SPA_Movies\client\core\api\utils\index.js
FN:6,(anonymous_0)
FNF:1
FNH:0
FNDA:0,(anonymous_0)
DA:6,2
LF:1
LH:1
BRDA:6,0,0,0
BRF:1
BRH:0
end_of_record
TN:
SF:D:\projects\trainings\SPA_Movies\client\mock\getMovieById.js
FNF:0
FNH:0
DA:1,2
DA:20,2
LF:2
LH:2
BRF:0
BRH:0
end_of_record
TN:
SF:D:\projects\trainings\SPA_Movies\client\mock\getMovies.js
FNF:0
FNH:0
DA:1,2
LF:1
LH:1
BRF:0
BRH:0
end_of_record
TN:
SF:D:\projects\trainings\SPA_Movies\client\store\store.js
FNF:0
FNH:0
DA:7,1
DA:9,1
LF:2
LH:2
BRF:0
BRH:0
end_of_record
TN:
SF:D:\projects\trainings\SPA_Movies\client\store\actions\movies.js
FN:1,(anonymous_0)
FN:7,(anonymous_1)
FN:13,(anonymous_2)
FNF:3
FNH:2
FNDA:2,(anonymous_0)
FNDA:2,(anonymous_1)
FNDA:0,(anonymous_2)
DA:1,4
DA:2,2
DA:7,4
DA:8,2
DA:13,4
DA:14,0
LF:6
LH:5
BRF:0
BRH:0
end_of_record
TN:
SF:D:\projects\trainings\SPA_Movies\client\store\reducers\movies.js
FN:9,movies
FNF:1
FNH:1
FNDA:9,movies
DA:1,2
DA:10,9
DA:12,1
DA:20,1
DA:33,7
LF:5
LH:5
BRDA:9,0,0,6
BRDA:10,1,0,1
BRDA:10,1,1,1
BRDA:10,1,2,7
BRF:4
BRH:4
end_of_record
TN:
SF:D:\projects\trainings\SPA_Movies\client\store\thunks\movies.js
FN:5,(anonymous_0)
FN:5,(anonymous_1)
FN:7,(anonymous_2)
FN:8,(anonymous_3)
FN:10,(anonymous_4)
FN:10,(anonymous_5)
FN:12,(anonymous_6)
FN:13,(anonymous_7)
FNF:8
FNH:0
FNDA:0,(anonymous_0)
FNDA:0,(anonymous_1)
FNDA:0,(anonymous_2)
FNDA:0,(anonymous_3)
FNDA:0,(anonymous_4)
FNDA:0,(anonymous_5)
FNDA:0,(anonymous_6)
FNDA:0,(anonymous_7)
DA:5,2
DA:6,0
DA:7,0
DA:8,0
DA:10,2
DA:11,0
DA:12,0
DA:13,0
LF:8
LH:2
BRF:0
BRH:0
end_of_record
TN:
SF:D:\projects\trainings\SPA_Movies\client\utils\index.js
FN:5,(anonymous_0)
FN:7,(anonymous_1)
FNF:2
FNH:1
FNDA:1,(anonymous_0)
FNDA:0,(anonymous_1)
DA:5,7
DA:7,7
DA:8,0
LF:3
LH:2
BRDA:5,0,0,1
BRF:1
BRH:1
end_of_record
